 ---=== Start Migration of project TalendOpenStudio ===---
 * Task [Update MDM View Objects] : Applied successfully
 * Task [Update MDM Process Objects] : Applied successfully
 * Task [Remove MDM Reference Item Name] : Nothing to do
 * Task [Update Operator MigrationTask] : Applied successfully
 * Task [Generate documentation of job/joblet] : Nothing to do
 * Task [Fix a problem of project resources linked to items] : Nothing to do
 * Task [NewJMSComponentMigrationTask] : Nothing to do
 * Task [AggregateStrategyMigrationTask] : Nothing to do
 * Task [RestRequestWrongCallMigrationTask] : Applied successfully
 * Task [UpdateCJMSProjectTask] : Nothing to do
 * Task [UpdatecJMSMigrationTask] : Nothing to do
 * Task [cSetHeaderSupportMultiHeadersTask] : Nothing to do
 * Task [cBeanCTalendJobMigrationTask] : Nothing to do
 * Task [AddPropagateHeaderTocTalendJobMigrationTask] : Nothing to do
 * Task [DisconnectErroHandlerMigrationTask] : Nothing to do
 * Task [UpdateCXFDataFormatMigrationTask] : Nothing to do
 * Task [FinalVersionUpgradeMigrationTask] : Nothing to do
 * Task [AddSpringConfigurationMigrationTask] : Nothing to do
 * Task [ConsumesTypeMigrationTask] : Nothing to do
 * Task [FormContentTypeMigrationTask] : Applied successfully
 * Task [cLogLoggingCategoryMigrationTask] : Nothing to do
 * Task [Rename_cJMSConnectionFactory_To_cMQConnectionFactory_MigrationTask] : Nothing to do
 * Task [UpdateTMultiPatternCheckTask] : Applied successfully
 * Task [Update "compute group quality" to false for non-separate mode] : Applied successfully
 * Task [UnifyPasswordEncryption4MDMServerDefMigrationTask] : Nothing to do
 * Task [UnifyPasswordEncryption4ParametersInStormJobMigrationTask] : Nothing to do
 * Task [UnifyPasswordEncryption4ParametersInRouteMigrationTask] : Nothing to do
 * Task [UnifyPasswordEncryption4ParametersInJobletMigrationTask] : Nothing to do
 * Task [UnifyPasswordEncryption4SapConnectionMigrationTask] : Nothing to do
 * Task [UnifyPasswordEncryption4ParametersInMRJobMigrationTask] : Nothing to do
 * Task [SAPItemMigrationTask] : Applied successfully
 * Task [SAPComponentSchemaIdMigrationTask] : Applied successfully
 * Task [AddSpringConfigurationPropertyMigrationTask] : Nothing to do
 * Task [UpdatecCXFServiceNamePortNameDefault] : Nothing to do
 * Task [CheckAndAddFrameworkForStormJobMigrationTask] : Nothing to do
 * Task [CheckAndAddFrameworkForMapReduceJobMigrationTask] : Nothing to do
 * Task [SAPDatePatternItemMigrationTask] : Nothing to do
 * Task [SAPDatePatternComponentMigrationTask] : Nothing to do
 * Task [RemoveRouteComponentId] : Nothing to do
 * Task [UpdateRouteResourceTypeMigrationTask] : Nothing to do
 * Task [RouteletProcessTypeMigrationTask] : Nothing to do
 * Task [Update parameter "Matching Algorithm" value for MR tMatchgroup] : Nothing to do
 * Task [Update tMelissaDataAddress to add a GeoCodeResult column and an advanced parameter] : Applied successfully
 * Task [TestCaseParentVersionMigration] : Nothing to do
 * Task [UpdatetNaivebayseModelSparkVersionTask] : Nothing to do
 * Task [UpdatetPredictSparkVersionTask] : Nothing to do
 * Task [UpdateTMatchGroupOutPutSchemaTask] : Applied successfully
 * Task [AutoUpdateRelationsMigrationTask] : Applied successfully
 ---=== End of migration ===---
